ERROR - 2023-03-30 06:16:01 --> Expression #64 of SELECT list is not in GROUP BY clause and contains nonaggregated column 'liveci4_wp_02mar23.institution_teachers.institutionTeacherId' which is not functionally dependent on columns in GROUP BY clause; this is incompatible with sql_mode=only_full_group_by
CRITICAL - 2023-03-30 06:16:01 --> Expression #64 of SELECT list is not in GROUP BY clause and contains nonaggregated column 'liveci4_wp_02mar23.institution_teachers.institutionTeacherId' which is not functionally dependent on columns in GROUP BY clause; this is incompatible with sql_mode=only_full_group_by
#0 C:\xampp\htdocs\webportal-ci4\system\Database\MySQLi\Connection.php(292): mysqli->query('SELECT `users`....', 0)
#1 C:\xampp\htdocs\webportal-ci4\system\Database\BaseConnection.php(670): CodeIgniter\Database\MySQLi\Connection->execute('SELECT `users`....')
#2 C:\xampp\htdocs\webportal-ci4\system\Database\BaseConnection.php(598): CodeIgniter\Database\BaseConnection->simpleQuery('SELECT `users`....')
#3 C:\xampp\htdocs\webportal-ci4\system\Database\BaseBuilder.php(1455): CodeIgniter\Database\BaseConnection->query('SELECT `users`....', Array, false)
#4 C:\xampp\htdocs\webportal-ci4\app\Models\Usermodel.php(502): CodeIgniter\Database\BaseBuilder->get()
#5 C:\xampp\htdocs\webportal-ci4\app\Controllers\School.php(734): App\Models\Usermodel->fetch_teachers(10, 0, '')
#6 C:\xampp\htdocs\webportal-ci4\app\Controllers\School.php(475): App\Controllers\School->teachers()
#7 C:\xampp\htdocs\webportal-ci4\system\CodeIgniter.php(832): App\Controllers\School->dashboard()
#8 C:\xampp\htdocs\webportal-ci4\system\CodeIgniter.php(419): CodeIgniter\CodeIgniter->runController(Object(App\Controllers\School))
#9 C:\xampp\htdocs\webportal-ci4\system\CodeIgniter.php(326): CodeIgniter\CodeIgniter->handleRequest(NULL, Object(Config\Cache), false)
#10 C:\xampp\htdocs\webportal-ci4\index.php(37): CodeIgniter\CodeIgniter->run()
#11 {main}
ERROR - 2023-03-30 06:16:46 --> Expression #64 of SELECT list is not in GROUP BY clause and contains nonaggregated column 'test_wp_28-12-2022_testci4.institution_teachers.institutionTeacherId' which is not functionally dependent on columns in GROUP BY clause; this is incompatible with sql_mode=only_full_group_by
CRITICAL - 2023-03-30 06:16:46 --> Expression #64 of SELECT list is not in GROUP BY clause and contains nonaggregated column 'test_wp_28-12-2022_testci4.institution_teachers.institutionTeacherId' which is not functionally dependent on columns in GROUP BY clause; this is incompatible with sql_mode=only_full_group_by
#0 C:\xampp\htdocs\webportal-ci4\system\Database\MySQLi\Connection.php(292): mysqli->query('SELECT `users`....', 0)
#1 C:\xampp\htdocs\webportal-ci4\system\Database\BaseConnection.php(670): CodeIgniter\Database\MySQLi\Connection->execute('SELECT `users`....')
#2 C:\xampp\htdocs\webportal-ci4\system\Database\BaseConnection.php(598): CodeIgniter\Database\BaseConnection->simpleQuery('SELECT `users`....')
#3 C:\xampp\htdocs\webportal-ci4\system\Database\BaseBuilder.php(1455): CodeIgniter\Database\BaseConnection->query('SELECT `users`....', Array, false)
#4 C:\xampp\htdocs\webportal-ci4\app\Models\Usermodel.php(502): CodeIgniter\Database\BaseBuilder->get()
#5 C:\xampp\htdocs\webportal-ci4\app\Controllers\School.php(734): App\Models\Usermodel->fetch_teachers(10, 0, '')
#6 C:\xampp\htdocs\webportal-ci4\app\Controllers\School.php(475): App\Controllers\School->teachers()
#7 C:\xampp\htdocs\webportal-ci4\system\CodeIgniter.php(832): App\Controllers\School->dashboard()
#8 C:\xampp\htdocs\webportal-ci4\system\CodeIgniter.php(419): CodeIgniter\CodeIgniter->runController(Object(App\Controllers\School))
#9 C:\xampp\htdocs\webportal-ci4\system\CodeIgniter.php(326): CodeIgniter\CodeIgniter->handleRequest(NULL, Object(Config\Cache), false)
#10 C:\xampp\htdocs\webportal-ci4\index.php(37): CodeIgniter\CodeIgniter->run()
#11 {main}
ERROR - 2023-03-30 06:17:33 --> Expression #64 of SELECT list is not in GROUP BY clause and contains nonaggregated column 'test_2_ci4.institution_teachers.institutionTeacherId' which is not functionally dependent on columns in GROUP BY clause; this is incompatible with sql_mode=only_full_group_by
CRITICAL - 2023-03-30 06:17:33 --> Expression #64 of SELECT list is not in GROUP BY clause and contains nonaggregated column 'test_2_ci4.institution_teachers.institutionTeacherId' which is not functionally dependent on columns in GROUP BY clause; this is incompatible with sql_mode=only_full_group_by
#0 C:\xampp\htdocs\webportal-ci4\system\Database\MySQLi\Connection.php(292): mysqli->query('SELECT `users`....', 0)
#1 C:\xampp\htdocs\webportal-ci4\system\Database\BaseConnection.php(670): CodeIgniter\Database\MySQLi\Connection->execute('SELECT `users`....')
#2 C:\xampp\htdocs\webportal-ci4\system\Database\BaseConnection.php(598): CodeIgniter\Database\BaseConnection->simpleQuery('SELECT `users`....')
#3 C:\xampp\htdocs\webportal-ci4\system\Database\BaseBuilder.php(1455): CodeIgniter\Database\BaseConnection->query('SELECT `users`....', Array, false)
#4 C:\xampp\htdocs\webportal-ci4\app\Models\Usermodel.php(502): CodeIgniter\Database\BaseBuilder->get()
#5 C:\xampp\htdocs\webportal-ci4\app\Controllers\School.php(734): App\Models\Usermodel->fetch_teachers(10, 0, '')
#6 C:\xampp\htdocs\webportal-ci4\app\Controllers\School.php(475): App\Controllers\School->teachers()
#7 C:\xampp\htdocs\webportal-ci4\system\CodeIgniter.php(832): App\Controllers\School->dashboard()
#8 C:\xampp\htdocs\webportal-ci4\system\CodeIgniter.php(419): CodeIgniter\CodeIgniter->runController(Object(App\Controllers\School))
#9 C:\xampp\htdocs\webportal-ci4\system\CodeIgniter.php(326): CodeIgniter\CodeIgniter->handleRequest(NULL, Object(Config\Cache), false)
#10 C:\xampp\htdocs\webportal-ci4\index.php(37): CodeIgniter\CodeIgniter->run()
#11 {main}
