CRITICAL - 2022-04-07 07:27:44 --> The framework needs the following extension(s) installed and loaded: intl.
#0 C:\xampp\htdocs\cats_v4\system\CodeIgniter.php(219): CodeIgniter\Exceptions\FrameworkException::forMissingExtension('intl')
#1 C:\xampp\htdocs\cats_v4\system\CodeIgniter.php(177): CodeIgniter\CodeIgniter->resolvePlatformExtensions()
#2 C:\xampp\htdocs\cats_v4\system\bootstrap.php(146): CodeIgniter\CodeIgniter->initialize()
#3 C:\xampp\htdocs\cats_v4\public\index.php(28): require('C:\\xampp\\htdocs...')
#4 {main}
CRITICAL - 2022-04-07 07:33:27 --> The framework needs the following extension(s) installed and loaded: intl.
#0 C:\xampp\htdocs\cats_v4\system\CodeIgniter.php(219): CodeIgniter\Exceptions\FrameworkException::forMissingExtension('intl')
#1 C:\xampp\htdocs\cats_v4\system\CodeIgniter.php(177): CodeIgniter\CodeIgniter->resolvePlatformExtensions()
#2 C:\xampp\htdocs\cats_v4\system\bootstrap.php(146): CodeIgniter\CodeIgniter->initialize()
#3 C:\xampp\htdocs\cats_v4\public\index.php(28): require('C:\\xampp\\htdocs...')
#4 {main}
CRITICAL - 2022-04-07 07:42:57 --> The framework needs the following extension(s) installed and loaded: intl.
#0 C:\xampp\htdocs\cats_v4\system\CodeIgniter.php(219): CodeIgniter\Exceptions\FrameworkException::forMissingExtension('intl')
#1 C:\xampp\htdocs\cats_v4\system\CodeIgniter.php(177): CodeIgniter\CodeIgniter->resolvePlatformExtensions()
#2 C:\xampp\htdocs\cats_v4\system\bootstrap.php(146): CodeIgniter\CodeIgniter->initialize()
#3 C:\xampp\htdocs\cats_v4\spark(45): require('C:\\xampp\\htdocs...')
#4 {main}
CRITICAL - 2022-04-07 07:48:02 --> The framework needs the following extension(s) installed and loaded: intl.
#0 C:\xampp\htdocs\cats_v4\system\CodeIgniter.php(219): CodeIgniter\Exceptions\FrameworkException::forMissingExtension('intl')
#1 C:\xampp\htdocs\cats_v4\system\CodeIgniter.php(177): CodeIgniter\CodeIgniter->resolvePlatformExtensions()
#2 C:\xampp\htdocs\cats_v4\system\bootstrap.php(146): CodeIgniter\CodeIgniter->initialize()
#3 C:\xampp\htdocs\cats_v4\spark(45): require('C:\\xampp\\htdocs...')
#4 {main}
CRITICAL - 2022-04-07 08:33:01 --> The framework needs the following extension(s) installed and loaded: intl.
#0 C:\xampp\htdocs\cats_v4\system\CodeIgniter.php(219): CodeIgniter\Exceptions\FrameworkException::forMissingExtension('intl')
#1 C:\xampp\htdocs\cats_v4\system\CodeIgniter.php(177): CodeIgniter\CodeIgniter->resolvePlatformExtensions()
#2 C:\xampp\htdocs\cats_v4\system\bootstrap.php(146): CodeIgniter\CodeIgniter->initialize()
#3 C:\xampp\htdocs\cats_v4\spark(45): require('C:\\xampp\\htdocs...')
#4 {main}
